build/app/intermediates/manifest_merge_blame_file/release/manifest-merger-blame-release-report.txt
1<?xml version="1.0" encoding="utf-8"?>
2<manifest xmlns:android="http://schemas.android.com/apk/res/android"
3    package="com.berke.where2watch"
4    android:versionCode="2"
5    android:versionName="1.1.0" >
6
7    <uses-sdk
8        android:minSdkVersion="19"
8-->src/main/AndroidManifest.xml
9        android:targetSdkVersion="30" />
9-->src/main/AndroidManifest.xml
10    <!-- Required to fetch data from the internet. -->
11    <uses-permission android:name="android.permission.INTERNET" />
11-->src/main/AndroidManifest.xml:50:5-67
11-->src/main/AndroidManifest.xml:50:22-64
12    <uses-permission android:name="android.permission.ACCESS_NETWORK_STATE" />
12-->[com.yodo1.mas:core:4.6.3] AndroidManifest.xml:12:5-79
12-->[com.yodo1.mas:core:4.6.3] AndroidManifest.xml:12:22-76
13    <uses-permission android:name="com.google.android.gms.permission.AD_ID" />
13-->[com.my.target:mytarget-sdk:5.15.0] AndroidManifest.xml:11:5-79
13-->[com.my.target:mytarget-sdk:5.15.0] AndroidManifest.xml:11:22-76
14
15    <queries>
15-->[com.my.target:mytarget-sdk:5.15.0] AndroidManifest.xml:13:5-15:15
16        <package android:name="com.android.chrome" />
16-->[com.my.target:mytarget-sdk:5.15.0] AndroidManifest.xml:14:9-54
16-->[com.my.target:mytarget-sdk:5.15.0] AndroidManifest.xml:14:18-51
17        <!-- For browser content -->
18        <intent>
18-->[com.google.android.gms:play-services-ads-lite:20.6.0] AndroidManifest.xml:31:9-37:18
19            <action android:name="android.intent.action.VIEW" />
19-->[com.google.android.gms:play-services-ads-lite:20.6.0] AndroidManifest.xml:32:13-65
19-->[com.google.android.gms:play-services-ads-lite:20.6.0] AndroidManifest.xml:32:21-62
20
21            <category android:name="android.intent.category.BROWSABLE" />
21-->[com.google.android.gms:play-services-ads-lite:20.6.0] AndroidManifest.xml:34:13-74
21-->[com.google.android.gms:play-services-ads-lite:20.6.0] AndroidManifest.xml:34:23-71
22
23            <data android:scheme="https" />
23-->[com.google.android.gms:play-services-ads-lite:20.6.0] AndroidManifest.xml:36:13-44
23-->[com.google.android.gms:play-services-ads-lite:20.6.0] AndroidManifest.xml:36:19-41
24        </intent> <!-- End of browser content -->
25        <!-- For CustomTabsService -->
26        <intent>
26-->[com.google.android.gms:play-services-ads-lite:20.6.0] AndroidManifest.xml:31:9-37:18
27            <action android:name="android.support.customtabs.action.CustomTabsService" />
28        </intent>
29        <intent>
29-->[com.google.android.gms:play-services-ads-lite:20.6.0] AndroidManifest.xml:31:9-37:18
30            <action android:name="androidx.browser.customtabs.CustomTabsService" />
31        </intent>
32        <intent>
32-->[com.google.android.gms:play-services-ads-lite:20.6.0] AndroidManifest.xml:31:9-37:18
33            <action android:name="android.intent.action.VIEW" />
33-->[com.google.android.gms:play-services-ads-lite:20.6.0] AndroidManifest.xml:32:13-65
33-->[com.google.android.gms:play-services-ads-lite:20.6.0] AndroidManifest.xml:32:21-62
34
35            <category android:name="android.intent.category.BROWSABLE" />
35-->[com.google.android.gms:play-services-ads-lite:20.6.0] AndroidManifest.xml:34:13-74
35-->[com.google.android.gms:play-services-ads-lite:20.6.0] AndroidManifest.xml:34:23-71
36
37            <data android:scheme="https" />
37-->[com.google.android.gms:play-services-ads-lite:20.6.0] AndroidManifest.xml:36:13-44
37-->[com.google.android.gms:play-services-ads-lite:20.6.0] AndroidManifest.xml:36:19-41
38        </intent>
39        <intent>
39-->[com.google.android.gms:play-services-ads-lite:20.6.0] AndroidManifest.xml:31:9-37:18
40            <action android:name="android.intent.action.VIEW" />
40-->[com.google.android.gms:play-services-ads-lite:20.6.0] AndroidManifest.xml:32:13-65
40-->[com.google.android.gms:play-services-ads-lite:20.6.0] AndroidManifest.xml:32:21-62
41
42            <category android:name="android.intent.category.BROWSABLE" />
42-->[com.google.android.gms:play-services-ads-lite:20.6.0] AndroidManifest.xml:34:13-74
42-->[com.google.android.gms:play-services-ads-lite:20.6.0] AndroidManifest.xml:34:23-71
43
44            <data android:scheme="http" />
44-->[com.google.android.gms:play-services-ads-lite:20.6.0] AndroidManifest.xml:36:13-44
44-->[com.google.android.gms:play-services-ads-lite:20.6.0] AndroidManifest.xml:36:19-41
45        </intent>
46        <intent>
46-->[com.google.android.gms:play-services-ads-lite:20.6.0] AndroidManifest.xml:31:9-37:18
47            <action android:name="android.intent.action.VIEW" />
47-->[com.google.android.gms:play-services-ads-lite:20.6.0] AndroidManifest.xml:32:13-65
47-->[com.google.android.gms:play-services-ads-lite:20.6.0] AndroidManifest.xml:32:21-62
48
49            <data android:scheme="market" />
49-->[com.google.android.gms:play-services-ads-lite:20.6.0] AndroidManifest.xml:36:13-44
49-->[com.google.android.gms:play-services-ads-lite:20.6.0] AndroidManifest.xml:36:19-41
50        </intent>
51        <intent>
51-->[com.google.android.gms:play-services-ads-lite:20.6.0] AndroidManifest.xml:31:9-37:18
52            <action android:name="android.intent.action.VIEW" />
52-->[com.google.android.gms:play-services-ads-lite:20.6.0] AndroidManifest.xml:32:13-65
52-->[com.google.android.gms:play-services-ads-lite:20.6.0] AndroidManifest.xml:32:21-62
53
54            <category android:name="android.intent.category.BROWSABLE" />
54-->[com.google.android.gms:play-services-ads-lite:20.6.0] AndroidManifest.xml:34:13-74
54-->[com.google.android.gms:play-services-ads-lite:20.6.0] AndroidManifest.xml:34:23-71
55
56            <data android:scheme="https" />
56-->[com.google.android.gms:play-services-ads-lite:20.6.0] AndroidManifest.xml:36:13-44
56-->[com.google.android.gms:play-services-ads-lite:20.6.0] AndroidManifest.xml:36:19-41
57        </intent>
58
59        <package android:name="com.facebook.katana" />
59-->[com.facebook.android:audience-network-sdk:6.8.0] AndroidManifest.xml:12:9-55
59-->[com.facebook.android:audience-network-sdk:6.8.0] AndroidManifest.xml:12:18-52
60
61        <intent>
61-->[com.google.android.gms:play-services-ads-lite:20.6.0] AndroidManifest.xml:31:9-37:18
62            <action android:name="android.support.customtabs.action.CustomTabsService" />
63        </intent>
64        <intent>
64-->[com.google.android.gms:play-services-ads-lite:20.6.0] AndroidManifest.xml:31:9-37:18
65            <action android:name="android.intent.action.VIEW" />
65-->[com.google.android.gms:play-services-ads-lite:20.6.0] AndroidManifest.xml:32:13-65
65-->[com.google.android.gms:play-services-ads-lite:20.6.0] AndroidManifest.xml:32:21-62
66
67            <category android:name="android.intent.category.BROWSABLE" />
67-->[com.google.android.gms:play-services-ads-lite:20.6.0] AndroidManifest.xml:34:13-74
67-->[com.google.android.gms:play-services-ads-lite:20.6.0] AndroidManifest.xml:34:23-71
68
69            <data android:scheme="https" />
69-->[com.google.android.gms:play-services-ads-lite:20.6.0] AndroidManifest.xml:36:13-44
69-->[com.google.android.gms:play-services-ads-lite:20.6.0] AndroidManifest.xml:36:19-41
70        </intent>
71        <intent>
71-->[com.google.android.gms:play-services-ads-lite:20.6.0] AndroidManifest.xml:31:9-37:18
72            <action android:name="android.intent.action.VIEW" />
72-->[com.google.android.gms:play-services-ads-lite:20.6.0] AndroidManifest.xml:32:13-65
72-->[com.google.android.gms:play-services-ads-lite:20.6.0] AndroidManifest.xml:32:21-62
73
74            <category android:name="android.intent.category.BROWSABLE" />
74-->[com.google.android.gms:play-services-ads-lite:20.6.0] AndroidManifest.xml:34:13-74
74-->[com.google.android.gms:play-services-ads-lite:20.6.0] AndroidManifest.xml:34:23-71
75
76            <data android:scheme="http" />
76-->[com.google.android.gms:play-services-ads-lite:20.6.0] AndroidManifest.xml:36:13-44
76-->[com.google.android.gms:play-services-ads-lite:20.6.0] AndroidManifest.xml:36:19-41
77        </intent>
78    </queries>
79
80    <uses-feature
80-->[com.my.tracker:mytracker-sdk:3.0.5] AndroidManifest.xml:13:5-15:36
81        android:name="android.hardware.sensor.light"
81-->[com.my.tracker:mytracker-sdk:3.0.5] AndroidManifest.xml:14:9-53
82        android:required="false" />
82-->[com.my.tracker:mytracker-sdk:3.0.5] AndroidManifest.xml:15:9-33
83    <uses-feature
83-->[com.my.tracker:mytracker-sdk:3.0.5] AndroidManifest.xml:16:5-18:36
84        android:name="android.hardware.sensor.compass"
84-->[com.my.tracker:mytracker-sdk:3.0.5] AndroidManifest.xml:17:9-55
85        android:required="false" />
85-->[com.my.tracker:mytracker-sdk:3.0.5] AndroidManifest.xml:18:9-33
86    <uses-feature
86-->[com.my.tracker:mytracker-sdk:3.0.5] AndroidManifest.xml:19:5-21:36
87        android:name="android.hardware.sensor.gyroscope"
87-->[com.my.tracker:mytracker-sdk:3.0.5] AndroidManifest.xml:20:9-57
88        android:required="false" />
88-->[com.my.tracker:mytracker-sdk:3.0.5] AndroidManifest.xml:21:9-33
89    <uses-feature
89-->[com.my.tracker:mytracker-sdk:3.0.5] AndroidManifest.xml:22:5-24:36
90        android:name="android.hardware.sensor.barometer"
90-->[com.my.tracker:mytracker-sdk:3.0.5] AndroidManifest.xml:23:9-57
91        android:required="false" />
91-->[com.my.tracker:mytracker-sdk:3.0.5] AndroidManifest.xml:24:9-33
92    <uses-feature
92-->[com.my.tracker:mytracker-sdk:3.0.5] AndroidManifest.xml:25:5-27:36
93        android:name="android.hardware.sensor.proximity"
93-->[com.my.tracker:mytracker-sdk:3.0.5] AndroidManifest.xml:26:9-57
94        android:required="false" />
94-->[com.my.tracker:mytracker-sdk:3.0.5] AndroidManifest.xml:27:9-33
95
96    <uses-permission android:name="android.permission.WAKE_LOCK" /> <!-- <uses-permission android:name="android.permission.ACCESS_FINE_LOCATION" /> -->
96-->[com.google.android.gms:play-services-measurement-sdk-api:18.0.3] AndroidManifest.xml:25:5-68
96-->[com.google.android.gms:play-services-measurement-sdk-api:18.0.3] AndroidManifest.xml:25:22-65
97    <uses-permission android:name="android.permission.ACCESS_WIFI_STATE" />
97-->[com.yodo1.mas.mediation:inmobi:4.6.3] AndroidManifest.xml:11:5-76
97-->[com.yodo1.mas.mediation:inmobi:4.6.3] AndroidManifest.xml:11:22-73
98    <uses-permission android:name="android.permission.CHANGE_WIFI_STATE" />
98-->[com.yodo1.mas.mediation:inmobi:4.6.3] AndroidManifest.xml:12:5-76
98-->[com.yodo1.mas.mediation:inmobi:4.6.3] AndroidManifest.xml:12:22-73
99    <uses-permission android:name="android.permission.RECEIVE_BOOT_COMPLETED" />
99-->[androidx.work:work-runtime:2.7.0] AndroidManifest.xml:27:5-81
99-->[androidx.work:work-runtime:2.7.0] AndroidManifest.xml:27:22-78
100    <uses-permission android:name="android.permission.FOREGROUND_SERVICE" />
100-->[androidx.work:work-runtime:2.7.0] AndroidManifest.xml:28:5-77
100-->[androidx.work:work-runtime:2.7.0] AndroidManifest.xml:28:22-74
101    <uses-permission android:name="android.permission.CHANGE_NETWORK_STATE" />
101-->[com.yodo1.mas.mediation:facebook:4.6.3] AndroidManifest.xml:13:5-79
101-->[com.yodo1.mas.mediation:facebook:4.6.3] AndroidManifest.xml:13:22-76
102    <uses-permission android:name="com.google.android.finsky.permission.BIND_GET_INSTALL_REFERRER_SERVICE" />
102-->[com.android.installreferrer:installreferrer:2.2] AndroidManifest.xml:9:5-110
102-->[com.android.installreferrer:installreferrer:2.2] AndroidManifest.xml:9:22-107
103
104    <application
104-->src/main/AndroidManifest.xml:3:4-48:19
105        android:name="androidx.multidex.MultiDexApplication"
106        android:allowBackup="true"
106-->[com.yodo1.mas.mediation:admob:4.6.3] AndroidManifest.xml:15:9-35
107        android:appComponentFactory="androidx.core.app.CoreComponentFactory"
107-->[androidx.core:core:1.6.0] AndroidManifest.xml:24:18-86
108        android:hardwareAccelerated="true"
108-->[com.yodo1.mas.mediation:inmobi:4.6.3] AndroidManifest.xml:16:18-52
109        android:icon="@mipmap/launcher_icon"
109-->src/main/AndroidManifest.xml:6:9-45
110        android:label="where2watch"
110-->src/main/AndroidManifest.xml:5:9-36
111        android:supportsRtl="true"
111-->[com.yodo1.mas.mediation:admob:4.6.3] AndroidManifest.xml:16:9-35
112        android:usesCleartextTraffic="true" >
112-->src/main/AndroidManifest.xml:4:9-44
113        <activity
113-->src/main/AndroidManifest.xml:7:9-35:20
114            android:name="com.berke.where2watch.MainActivity"
114-->src/main/AndroidManifest.xml:8:13-41
115            android:configChanges="orientation|keyboardHidden|keyboard|screenSize|smallestScreenSize|locale|layoutDirection|fontScale|screenLayout|density|uiMode"
115-->src/main/AndroidManifest.xml:11:13-163
116            android:hardwareAccelerated="true"
116-->src/main/AndroidManifest.xml:12:13-47
117            android:launchMode="singleTop"
117-->src/main/AndroidManifest.xml:9:13-43
118            android:theme="@style/LaunchTheme"
118-->src/main/AndroidManifest.xml:10:13-47
119            android:windowSoftInputMode="adjustResize" >
119-->src/main/AndroidManifest.xml:13:13-55
120
121            <!--
122                 Specifies an Android theme to apply to this Activity as soon as
123                 the Android process has started. This theme is visible to the user
124                 while the Flutter UI initializes. After that, this theme continues
125                 to determine the Window background behind the Flutter UI.
126            -->
127            <meta-data
127-->src/main/AndroidManifest.xml:18:13-21:17
128                android:name="io.flutter.embedding.android.NormalTheme"
128-->src/main/AndroidManifest.xml:19:15-70
129                android:resource="@style/NormalTheme" />
129-->src/main/AndroidManifest.xml:20:15-52
130            <!--
131                 Displays an Android View that continues showing the launch screen
132                 Drawable until Flutter paints its first frame, then this splash
133                 screen fades out. A splash screen is useful to avoid any visual
134                 gap between the end of Android's launch screen and the painting of
135                 Flutter's first frame.
136            -->
137            <meta-data
137-->src/main/AndroidManifest.xml:27:13-30:17
138                android:name="io.flutter.embedding.android.SplashScreenDrawable"
138-->src/main/AndroidManifest.xml:28:15-79
139                android:resource="@drawable/launch_background" />
139-->src/main/AndroidManifest.xml:29:15-61
140
141            <intent-filter>
141-->src/main/AndroidManifest.xml:31:13-34:29
142                <action android:name="android.intent.action.MAIN" />
142-->src/main/AndroidManifest.xml:32:17-68
142-->src/main/AndroidManifest.xml:32:25-66
143
144                <category android:name="android.intent.category.LAUNCHER" />
144-->src/main/AndroidManifest.xml:33:17-76
144-->src/main/AndroidManifest.xml:33:27-74
145            </intent-filter>
146        </activity>
147        <!--
148             Don't delete the meta-data below.
149             This is used by the Flutter tool to generate GeneratedPluginRegistrant.java
150        -->
151        <meta-data
151-->src/main/AndroidManifest.xml:38:9-40:33
152            android:name="flutterEmbedding"
152-->src/main/AndroidManifest.xml:39:13-44
153            android:value="2" />
153-->src/main/AndroidManifest.xml:40:13-30
154        <meta-data
154-->src/main/AndroidManifest.xml:41:10-43:69
155            android:name="com.google.android.gms.ads.APPLICATION_ID"
155-->src/main/AndroidManifest.xml:42:13-69
156            android:value="ca-app-pub-5333220833779174~4351042461" />
156-->src/main/AndroidManifest.xml:43:13-67
157        <!--
158         <meta-data
159            android:name="com.google.android.gms.ads.com.berke.where2watch"
160            android:value="ca-app-pub-5333220833779174~4351042461"/>
161        -->
162        <activity
162-->[:url_launcher] AndroidManifest.xml:8:9-11:74
163            android:name="io.flutter.plugins.urllauncher.WebViewActivity"
163-->[:url_launcher] AndroidManifest.xml:9:13-74
164            android:exported="false"
164-->[:url_launcher] AndroidManifest.xml:10:13-37
165            android:theme="@android:style/Theme.NoTitleBar.Fullscreen" />
165-->[:url_launcher] AndroidManifest.xml:11:13-71
166
167        <uses-library
167-->[androidx.window:window:1.0.0-beta04] AndroidManifest.xml:25:9-27:40
168            android:name="androidx.window.extensions"
168-->[androidx.window:window:1.0.0-beta04] AndroidManifest.xml:26:13-54
169            android:required="false" />
169-->[androidx.window:window:1.0.0-beta04] AndroidManifest.xml:27:13-37
170        <uses-library
170-->[androidx.window:window:1.0.0-beta04] AndroidManifest.xml:28:9-30:40
171            android:name="androidx.window.sidecar"
171-->[androidx.window:window:1.0.0-beta04] AndroidManifest.xml:29:13-51
172            android:required="false" />
172-->[androidx.window:window:1.0.0-beta04] AndroidManifest.xml:30:13-37
173
174        <meta-data
174-->[com.yodo1.mas:full:4.6.3] AndroidManifest.xml:17:9-20:45
175            android:name="PUBLISH_CHANNEL_CODE"
175-->[com.yodo1.mas:full:4.6.3] AndroidManifest.xml:18:13-48
176            android:value="GooglePlay" />
176-->[com.yodo1.mas:full:4.6.3] AndroidManifest.xml:19:13-39
177        <meta-data
177-->[com.yodo1.mas:full:4.6.3] AndroidManifest.xml:21:9-24:45
178            android:name="MAS_SDK_VERSION_NAME"
178-->[com.yodo1.mas:full:4.6.3] AndroidManifest.xml:22:13-48
179            android:value="4.6.3" />
179-->[com.yodo1.mas:full:4.6.3] AndroidManifest.xml:23:13-34
180        <meta-data
180-->[com.yodo1.mas:full:4.6.3] AndroidManifest.xml:25:9-28:45
181            android:name="MAS_SDK_TYPE"
181-->[com.yodo1.mas:full:4.6.3] AndroidManifest.xml:26:13-40
182            android:value="mas_gp_full" />
182-->[com.yodo1.mas:full:4.6.3] AndroidManifest.xml:27:13-40
183        <meta-data
183-->[com.yodo1.mas.mediation:admob:4.6.3] AndroidManifest.xml:17:9-19:69
184            android:name="com.google.android.gms.version"
184-->[com.yodo1.mas.mediation:admob:4.6.3] AndroidManifest.xml:18:13-58
185            android:value="@integer/google_play_services_version" /> <!-- <meta-data -->
185-->[com.yodo1.mas.mediation:admob:4.6.3] AndroidManifest.xml:19:13-66
186        <!-- android:name="com.google.android.gms.ads.APPLICATION_ID" -->
187        <!-- android:value="${applicationId}" /> -->
188        <!-- Enable Google Ad Manager -->
189        <meta-data
189-->[com.yodo1.mas.mediation:admob:4.6.3] AndroidManifest.xml:26:9-28:36
190            android:name="com.google.android.gms.ads.AD_MANAGER_APP"
190-->[com.yodo1.mas.mediation:admob:4.6.3] AndroidManifest.xml:27:13-69
191            android:value="true" />
191-->[com.yodo1.mas.mediation:admob:4.6.3] AndroidManifest.xml:28:13-33
192
193        <activity
193-->[com.yodo1.mas.mediation:admob:4.6.3] AndroidManifest.xml:30:9-33:64
194            android:name="com.google.android.gms.ads.AdActivity"
194-->[com.yodo1.mas.mediation:admob:4.6.3] AndroidManifest.xml:31:13-65
195            android:configChanges="keyboard|keyboardHidden|orientation|screenLayout|uiMode|screenSize|smallestScreenSize"
195-->[com.yodo1.mas.mediation:admob:4.6.3] AndroidManifest.xml:32:13-122
196            android:exported="false"
196-->[com.google.android.gms:play-services-ads-lite:20.6.0] AndroidManifest.xml:52:13-37
197            android:theme="@android:style/Theme.Translucent" />
197-->[com.yodo1.mas.mediation:admob:4.6.3] AndroidManifest.xml:33:13-61
198        <activity
198-->[com.yodo1.mas.mediation:mytarget:4.6.3] AndroidManifest.xml:15:9-17:125
199            android:name="com.my.target.common.MyTargetActivity"
199-->[com.yodo1.mas.mediation:mytarget:4.6.3] AndroidManifest.xml:16:13-65
200            android:configChanges="keyboard|keyboardHidden|orientation|screenLayout|uiMode|screenSize|smallestScreenSize" />
200-->[com.yodo1.mas.mediation:mytarget:4.6.3] AndroidManifest.xml:17:13-122
201
202        <provider
202-->[com.my.target:mytarget-sdk:5.15.0] AndroidManifest.xml:24:9-28:40
203            android:name="com.my.target.common.MyTargetContentProvider"
203-->[com.my.target:mytarget-sdk:5.15.0] AndroidManifest.xml:25:13-72
204            android:authorities="com.berke.where2watch.mytargetcontentprovider"
204-->[com.my.target:mytarget-sdk:5.15.0] AndroidManifest.xml:26:13-75
205            android:enabled="true"
205-->[com.my.target:mytarget-sdk:5.15.0] AndroidManifest.xml:27:13-35
206            android:exported="false" />
206-->[com.my.target:mytarget-sdk:5.15.0] AndroidManifest.xml:28:13-37
207
208        <activity
208-->[com.google.android.gms:play-services-base:18.0.1] AndroidManifest.xml:20:9-22:45
209            android:name="com.google.android.gms.common.api.GoogleApiActivity"
209-->[com.google.android.gms:play-services-base:18.0.1] AndroidManifest.xml:20:19-85
210            android:exported="false"
210-->[com.google.android.gms:play-services-base:18.0.1] AndroidManifest.xml:22:19-43
211            android:theme="@android:style/Theme.Translucent.NoTitleBar" />
211-->[com.google.android.gms:play-services-base:18.0.1] AndroidManifest.xml:21:19-78
212
213        <provider
213-->[com.google.android.gms:play-services-ads-lite:20.6.0] AndroidManifest.xml:55:9-59:39
214            android:name="com.google.android.gms.ads.MobileAdsInitProvider"
214-->[com.google.android.gms:play-services-ads-lite:20.6.0] AndroidManifest.xml:56:13-76
215            android:authorities="com.berke.where2watch.mobileadsinitprovider"
215-->[com.google.android.gms:play-services-ads-lite:20.6.0] AndroidManifest.xml:57:13-73
216            android:exported="false"
216-->[com.google.android.gms:play-services-ads-lite:20.6.0] AndroidManifest.xml:58:13-37
217            android:initOrder="100" />
217-->[com.google.android.gms:play-services-ads-lite:20.6.0] AndroidManifest.xml:59:13-36
218
219        <service
219-->[com.google.android.gms:play-services-ads-lite:20.6.0] AndroidManifest.xml:61:9-64:40
220            android:name="com.google.android.gms.ads.AdService"
220-->[com.google.android.gms:play-services-ads-lite:20.6.0] AndroidManifest.xml:62:13-64
221            android:enabled="true"
221-->[com.google.android.gms:play-services-ads-lite:20.6.0] AndroidManifest.xml:63:13-35
222            android:exported="false" />
222-->[com.google.android.gms:play-services-ads-lite:20.6.0] AndroidManifest.xml:64:13-37
223
224        <activity
224-->[com.inmobi.monetization:inmobi-ads:10.0.3] AndroidManifest.xml:42:9-47:46
225            android:name="com.inmobi.ads.rendering.InMobiAdActivity"
225-->[com.inmobi.monetization:inmobi-ads:10.0.3] AndroidManifest.xml:43:13-69
226            android:configChanges="keyboardHidden|orientation|keyboard|smallestScreenSize|screenSize|screenLayout|locale|fontScale|uiMode"
226-->[com.inmobi.monetization:inmobi-ads:10.0.3] AndroidManifest.xml:44:13-139
227            android:hardwareAccelerated="true"
227-->[com.inmobi.monetization:inmobi-ads:10.0.3] AndroidManifest.xml:45:13-47
228            android:theme="@android:style/Theme.NoTitleBar" />
228-->[com.inmobi.monetization:inmobi-ads:10.0.3] AndroidManifest.xml:46:13-60
229
230        <provider
230-->[androidx.work:work-runtime:2.7.0] AndroidManifest.xml:31:9-39:20
231            android:name="androidx.startup.InitializationProvider"
231-->[androidx.work:work-runtime:2.7.0] AndroidManifest.xml:32:13-67
232            android:authorities="com.berke.where2watch.androidx-startup"
232-->[androidx.work:work-runtime:2.7.0] AndroidManifest.xml:33:13-68
233            android:exported="false" >
233-->[androidx.work:work-runtime:2.7.0] AndroidManifest.xml:34:13-37
234            <meta-data
234-->[androidx.work:work-runtime:2.7.0] AndroidManifest.xml:36:13-38:52
235                android:name="androidx.work.WorkManagerInitializer"
235-->[androidx.work:work-runtime:2.7.0] AndroidManifest.xml:37:17-68
236                android:value="androidx.startup" />
236-->[androidx.work:work-runtime:2.7.0] AndroidManifest.xml:38:17-49
237        </provider>
238
239        <service
239-->[androidx.work:work-runtime:2.7.0] AndroidManifest.xml:41:9-46:35
240            android:name="androidx.work.impl.background.systemalarm.SystemAlarmService"
240-->[androidx.work:work-runtime:2.7.0] AndroidManifest.xml:42:13-88
241            android:directBootAware="false"
241-->[androidx.work:work-runtime:2.7.0] AndroidManifest.xml:43:13-44
242            android:enabled="@bool/enable_system_alarm_service_default"
242-->[androidx.work:work-runtime:2.7.0] AndroidManifest.xml:44:13-72
243            android:exported="false" />
243-->[androidx.work:work-runtime:2.7.0] AndroidManifest.xml:45:13-37
244        <service
244-->[androidx.work:work-runtime:2.7.0] AndroidManifest.xml:47:9-53:35
245            android:name="androidx.work.impl.background.systemjob.SystemJobService"
245-->[androidx.work:work-runtime:2.7.0] AndroidManifest.xml:48:13-84
246            android:directBootAware="false"
246-->[androidx.work:work-runtime:2.7.0] AndroidManifest.xml:49:13-44
247            android:enabled="@bool/enable_system_job_service_default"
247-->[androidx.work:work-runtime:2.7.0] AndroidManifest.xml:50:13-70
248            android:exported="true"
248-->[androidx.work:work-runtime:2.7.0] AndroidManifest.xml:51:13-36
249            android:permission="android.permission.BIND_JOB_SERVICE" />
249-->[androidx.work:work-runtime:2.7.0] AndroidManifest.xml:52:13-69
250        <service
250-->[androidx.work:work-runtime:2.7.0] AndroidManifest.xml:54:9-59:35
251            android:name="androidx.work.impl.foreground.SystemForegroundService"
251-->[androidx.work:work-runtime:2.7.0] AndroidManifest.xml:55:13-81
252            android:directBootAware="false"
252-->[androidx.work:work-runtime:2.7.0] AndroidManifest.xml:56:13-44
253            android:enabled="@bool/enable_system_foreground_service_default"
253-->[androidx.work:work-runtime:2.7.0] AndroidManifest.xml:57:13-77
254            android:exported="false" />
254-->[androidx.work:work-runtime:2.7.0] AndroidManifest.xml:58:13-37
255
256        <receiver
256-->[androidx.work:work-runtime:2.7.0] AndroidManifest.xml:61:9-66:35
257            android:name="androidx.work.impl.utils.ForceStopRunnable$BroadcastReceiver"
257-->[androidx.work:work-runtime:2.7.0] AndroidManifest.xml:62:13-88
258            android:directBootAware="false"
258-->[androidx.work:work-runtime:2.7.0] AndroidManifest.xml:63:13-44
259            android:enabled="true"
259-->[androidx.work:work-runtime:2.7.0] AndroidManifest.xml:64:13-35
260            android:exported="false" />
260-->[androidx.work:work-runtime:2.7.0] AndroidManifest.xml:65:13-37
261        <receiver
261-->[androidx.work:work-runtime:2.7.0] AndroidManifest.xml:67:9-77:20
262            android:name="androidx.work.impl.background.systemalarm.ConstraintProxy$BatteryChargingProxy"
262-->[androidx.work:work-runtime:2.7.0] AndroidManifest.xml:68:13-106
263            android:directBootAware="false"
263-->[androidx.work:work-runtime:2.7.0] AndroidManifest.xml:69:13-44
264            android:enabled="false"
264-->[androidx.work:work-runtime:2.7.0] AndroidManifest.xml:70:13-36
265            android:exported="false" >
265-->[androidx.work:work-runtime:2.7.0] AndroidManifest.xml:71:13-37
266            <intent-filter>
266-->[androidx.work:work-runtime:2.7.0] AndroidManifest.xml:73:13-76:29
267                <action android:name="android.intent.action.ACTION_POWER_CONNECTED" />
267-->[androidx.work:work-runtime:2.7.0] AndroidManifest.xml:74:17-87
267-->[androidx.work:work-runtime:2.7.0] AndroidManifest.xml:74:25-84
268                <action android:name="android.intent.action.ACTION_POWER_DISCONNECTED" />
268-->[androidx.work:work-runtime:2.7.0] AndroidManifest.xml:75:17-90
268-->[androidx.work:work-runtime:2.7.0] AndroidManifest.xml:75:25-87
269            </intent-filter>
270        </receiver>
271        <receiver
271-->[androidx.work:work-runtime:2.7.0] AndroidManifest.xml:78:9-88:20
272            android:name="androidx.work.impl.background.systemalarm.ConstraintProxy$BatteryNotLowProxy"
272-->[androidx.work:work-runtime:2.7.0] AndroidManifest.xml:79:13-104
273            android:directBootAware="false"
273-->[androidx.work:work-runtime:2.7.0] AndroidManifest.xml:80:13-44
274            android:enabled="false"
274-->[androidx.work:work-runtime:2.7.0] AndroidManifest.xml:81:13-36
275            android:exported="false" >
275-->[androidx.work:work-runtime:2.7.0] AndroidManifest.xml:82:13-37
276            <intent-filter>
276-->[androidx.work:work-runtime:2.7.0] AndroidManifest.xml:84:13-87:29
277                <action android:name="android.intent.action.BATTERY_OKAY" />
277-->[androidx.work:work-runtime:2.7.0] AndroidManifest.xml:85:17-77
277-->[androidx.work:work-runtime:2.7.0] AndroidManifest.xml:85:25-74
278                <action android:name="android.intent.action.BATTERY_LOW" />
278-->[androidx.work:work-runtime:2.7.0] AndroidManifest.xml:86:17-76
278-->[androidx.work:work-runtime:2.7.0] AndroidManifest.xml:86:25-73
279            </intent-filter>
280        </receiver>
281        <receiver
281-->[androidx.work:work-runtime:2.7.0] AndroidManifest.xml:89:9-99:20
282            android:name="androidx.work.impl.background.systemalarm.ConstraintProxy$StorageNotLowProxy"
282-->[androidx.work:work-runtime:2.7.0] AndroidManifest.xml:90:13-104
283            android:directBootAware="false"
283-->[androidx.work:work-runtime:2.7.0] AndroidManifest.xml:91:13-44
284            android:enabled="false"
284-->[androidx.work:work-runtime:2.7.0] AndroidManifest.xml:92:13-36
285            android:exported="false" >
285-->[androidx.work:work-runtime:2.7.0] AndroidManifest.xml:93:13-37
286            <intent-filter>
286-->[androidx.work:work-runtime:2.7.0] AndroidManifest.xml:95:13-98:29
287                <action android:name="android.intent.action.DEVICE_STORAGE_LOW" />